<?xml version="1.0" encoding="UTF-8"?>
<testsuite name="com.example.ups.UpsApplicationTests" tests="1" skipped="0" failures="0" errors="0" timestamp="2023-04-30T01:26:11" hostname="Longhaos-MacBook-Pro.local" time="0.184">
  <properties/>
  <testcase name="contextLoads()" classname="com.example.ups.UpsApplicationTests" time="0.184"/>
  <system-out><![CDATA[21:26:10.137 [Test worker] DEBUG org.springframework.boot.test.context.SpringBootTestContextBootstrapper -- Neither @ContextConfiguration nor @ContextHierarchy found for test class [UpsApplicationTests]: using SpringBootContextLoader
21:26:10.140 [Test worker] DEBUG org.springframework.test.context.support.AbstractContextLoader -- Could not detect default resource locations for test class [com.example.ups.UpsApplicationTests]: no resource found for suffixes {-context.xml, Context.groovy}.
21:26:10.141 [Test worker] INFO org.springframework.test.context.support.AnnotationConfigContextLoaderUtils -- Could not detect default configuration classes for test class [com.example.ups.UpsApplicationTests]: UpsApplicationTests does not declare any static, non-private, non-final, nested classes annotated with @Configuration.
21:26:10.152 [Test worker] DEBUG org.springframework.boot.test.context.SpringBootTestContextBootstrapper -- Using ContextCustomizers for test class [UpsApplicationTests]: [DisableObservabilityContextCustomizer, PropertyMappingContextCustomizer, Customizer, ExcludeFilterContextCustomizer, DuplicateJsonObjectContextCustomizer, MockitoContextCustomizer, TestRestTemplateContextCustomizer]
21:26:10.195 [Test worker] DEBUG org.springframework.context.annotation.ClassPathScanningCandidateComponentProvider -- Identified candidate component class: file [/Users/longhaozhu/Documents/duke/ECE568/project/erss-project-yw531-lz238/docker-deploy/ups/build/classes/java/main/com/example/UpsApplication.class]
21:26:10.195 [Test worker] INFO org.springframework.boot.test.context.SpringBootTestContextBootstrapper -- Found @SpringBootConfiguration com.example.UpsApplication for test class com.example.ups.UpsApplicationTests
21:26:10.234 [Test worker] DEBUG org.springframework.boot.test.context.SpringBootTestContextBootstrapper -- Using TestExecutionListeners for test class [UpsApplicationTests]: [ServletTestExecutionListener, DirtiesContextBeforeModesTestExecutionListener, ApplicationEventsTestExecutionListener, MockitoTestExecutionListener, DependencyInjectionTestExecutionListener, DirtiesContextTestExecutionListener, TransactionalTestExecutionListener, SqlScriptsTestExecutionListener, EventPublishingTestExecutionListener, RestDocsTestExecutionListener, MockRestServiceServerResetTestExecutionListener, MockMvcPrintOnlyOnFailureTestExecutionListener, WebDriverTestExecutionListener, MockWebServiceServerTestExecutionListener, ResetMocksTestExecutionListener]
21:26:10.234 [Test worker] DEBUG org.springframework.test.context.support.AbstractDirtiesContextTestExecutionListener -- Before test class: class [UpsApplicationTests], class annotated with @DirtiesContext [false] with mode [null]

  .   ____          _            __ _ _
 /\\ / ___'_ __ _ _(_)_ __  __ _ \ \ \ \
( ( )\___ | '_ | '_| | '_ \/ _` | \ \ \ \
 \\/  ___)| |_)| | | | | || (_| |  ) ) ) )
  '  |____| .__|_| |_|_| |_\__, | / / / /
 =========|_|==============|___/=/_/_/_/
 :: Spring Boot ::                (v3.0.5)

2023-04-29T21:26:10.366-04:00  INFO 40576 --- [    Test worker] com.example.ups.UpsApplicationTests      : Starting UpsApplicationTests using Java 17.0.6 with PID 40576 (started by longhaozhu in /Users/longhaozhu/Documents/duke/ECE568/project/erss-project-yw531-lz238/docker-deploy/ups)
2023-04-29T21:26:10.367-04:00  INFO 40576 --- [    Test worker] com.example.ups.UpsApplicationTests      : No active profile set, falling back to 1 default profile: "default"
2023-04-29T21:26:11.173-04:00  INFO 40576 --- [    Test worker] o.s.b.a.w.s.WelcomePageHandlerMapping    : Adding welcome page template: index
2023-04-29T21:26:11.260-04:00  INFO 40576 --- [    Test worker] com.example.ups.UpsApplicationTests      : Started UpsApplicationTests in 1.006 seconds (process running for 1.541)
]]></system-out>
  <system-err><![CDATA[]]></system-err>
</testsuite>
